# JRE version: Java(TM) SE Runtime Environment (8.0_66-b18) (build 1.8.0_66-b18)
# Java VM: Java HotSpot(TM) 64-Bit Server VM (25.66-b18 mixed mode windows-amd64 compressed oops)
Heap:
 PSYoungGen      total 127488K, used 35362K [0x00000000f5580000, 0x00000000ff100000, 0x0000000100000000)
  eden space 102912K, 30% used [0x00000000f5580000,0x00000000f73d9488,0x00000000fba00000)
  from space 24576K, 17% used [0x00000000fd900000,0x00000000fdd2f768,0x00000000ff100000)
  to   space 28160K, 0% used [0x00000000fba00000,0x00000000fba00000,0x00000000fd580000)
 ParOldGen       total 125440K, used 72461K [0x00000000e0000000, 0x00000000e7a80000, 0x00000000f5580000)
  object space 125440K, 57% used [0x00000000e0000000,0x00000000e46c3690,0x00000000e7a80000)
 Metaspace       used 100250K, capacity 108112K, committed 108416K, reserved 1142784K
  class space    used 11636K, capacity 14121K, committed 14208K, reserved 1048576K
GC Heap History (10 events):
Event: 3560.252 GC heap before
{Heap before GC invocations=126 (full 43):
 PSYoungGen      total 142848K, used 121293K [0x00000000f5580000, 0x0000000100000000, 0x0000000100000000)
  eden space 113152K, 90% used [0x00000000f5580000,0x00000000fb8f68a0,0x00000000fc400000)
  from space 29696K, 65% used [0x00000000fe200000,0x00000000ff4fcb68,0x00000000fff00000)
  to   space 30720K, 0% used [0x00000000fc400000,0x00000000fc400000,0x00000000fe200000)
 ParOldGen       total 125440K, used 96071K [0x00000000e0000000, 0x00000000e7a80000, 0x00000000f5580000)
  object space 125440K, 76% used [0x00000000e0000000,0x00000000e5dd1df8,0x00000000e7a80000)
 Metaspace       used 99564K, capacity 107514K, committed 107904K, reserved 1142784K
  class space    used 11584K, capacity 14118K, committed 14208K, reserved 1048576K
Event: 3560.280 GC heap after
Heap after GC invocations=126 (full 43):
 PSYoungGen      total 128000K, used 14760K [0x00000000f5580000, 0x00000000ffe80000, 0x0000000100000000)
  eden space 113152K, 0% used [0x00000000f5580000,0x00000000f5580000,0x00000000fc400000)
  from space 14848K, 99% used [0x00000000fc400000,0x00000000fd26a340,0x00000000fd280000)
  to   space 29696K, 0% used [0x00000000fe180000,0x00000000fe180000,0x00000000ffe80000)
 ParOldGen       total 125440K, used 96071K [0x00000000e0000000, 0x00000000e7a80000, 0x00000000f5580000)
  object space 125440K, 76% used [0x00000000e0000000,0x00000000e5dd1df8,0x00000000e7a80000)
 Metaspace       used 99564K, capacity 107514K, committed 107904K, reserved 1142784K
  class space    used 11584K, capacity 14118K, committed 14208K, reserved 1048576K
}
Event: 3560.280 GC heap before
{Heap before GC invocations=127 (full 44):
 PSYoungGen      total 128000K, used 14760K [0x00000000f5580000, 0x00000000ffe80000, 0x0000000100000000)
  eden space 113152K, 0% used [0x00000000f5580000,0x00000000f5580000,0x00000000fc400000)
  from space 14848K, 99% used [0x00000000fc400000,0x00000000fd26a340,0x00000000fd280000)
  to   space 29696K, 0% used [0x00000000fe180000,0x00000000fe180000,0x00000000ffe80000)
 ParOldGen       total 125440K, used 96071K [0x00000000e0000000, 0x00000000e7a80000, 0x00000000f5580000)
  object space 125440K, 76% used [0x00000000e0000000,0x00000000e5dd1df8,0x00000000e7a80000)
 Metaspace       used 99564K, capacity 107514K, committed 107904K, reserved 1142784K
  class space    used 11584K, capacity 14118K, committed 14208K, reserved 1048576K
Event: 3560.555 GC heap after
Heap after GC invocations=127 (full 44):
 PSYoungGen      total 128000K, used 0K [0x00000000f5580000, 0x00000000ffe80000, 0x0000000100000000)
  eden space 113152K, 0% used [0x00000000f5580000,0x00000000f5580000,0x00000000fc400000)
  from space 14848K, 0% used [0x00000000fc400000,0x00000000fc400000,0x00000000fd280000)
  to   space 29696K, 0% used [0x00000000fe180000,0x00000000fe180000,0x00000000ffe80000)
 ParOldGen       total 125440K, used 72445K [0x00000000e0000000, 0x00000000e7a80000, 0x00000000f5580000)
  object space 125440K, 57% used [0x00000000e0000000,0x00000000e46bf690,0x00000000e7a80000)
 Metaspace       used 99564K, capacity 107514K, committed 107904K, reserved 1142784K
  class space    used 11584K, capacity 14118K, committed 14208K, reserved 1048576K
}
Event: 3912.953 GC heap before
{Heap before GC invocations=128 (full 44):
 PSYoungGen      total 128000K, used 113152K [0x00000000f5580000, 0x00000000ffe80000, 0x0000000100000000)
  eden space 113152K, 100% used [0x00000000f5580000,0x00000000fc400000,0x00000000fc400000)
  from space 14848K, 0% used [0x00000000fc400000,0x00000000fc400000,0x00000000fd280000)
  to   space 29696K, 0% used [0x00000000fe180000,0x00000000fe180000,0x00000000ffe80000)
 ParOldGen       total 125440K, used 72445K [0x00000000e0000000, 0x00000000e7a80000, 0x00000000f5580000)
  object space 125440K, 57% used [0x00000000e0000000,0x00000000e46bf690,0x00000000e7a80000)
 Metaspace       used 99695K, capacity 107706K, committed 107904K, reserved 1142784K
  class space    used 11585K, capacity 14118K, committed 14208K, reserved 1048576K
Event: 3912.966 GC heap after
Heap after GC invocations=128 (full 44):
 PSYoungGen      total 135168K, used 3485K [0x00000000f5580000, 0x00000000ffa80000, 0x0000000100000000)
  eden space 109568K, 0% used [0x00000000f5580000,0x00000000f5580000,0x00000000fc080000)
  from space 25600K, 13% used [0x00000000fe180000,0x00000000fe4e7768,0x00000000ffa80000)
  to   space 29696K, 0% used [0x00000000fc080000,0x00000000fc080000,0x00000000fdd80000)
 ParOldGen       total 125440K, used 72453K [0x00000000e0000000, 0x00000000e7a80000, 0x00000000f5580000)
  object space 125440K, 57% used [0x00000000e0000000,0x00000000e46c1690,0x00000000e7a80000)
 Metaspace       used 99695K, capacity 107706K, committed 107904K, reserved 1142784K
  class space    used 11585K, capacity 14118K, committed 14208K, reserved 1048576K
}
Event: 6913.494 GC heap before
{Heap before GC invocations=129 (full 44):
 PSYoungGen      total 135168K, used 113053K [0x00000000f5580000, 0x00000000ffa80000, 0x0000000100000000)
  eden space 109568K, 100% used [0x00000000f5580000,0x00000000fc080000,0x00000000fc080000)
  from space 25600K, 13% used [0x00000000fe180000,0x00000000fe4e7768,0x00000000ffa80000)
  to   space 29696K, 0% used [0x00000000fc080000,0x00000000fc080000,0x00000000fdd80000)
 ParOldGen       total 125440K, used 72453K [0x00000000e0000000, 0x00000000e7a80000, 0x00000000f5580000)
  object space 125440K, 57% used [0x00000000e0000000,0x00000000e46c1690,0x00000000e7a80000)
 Metaspace       used 99735K, capacity 107770K, committed 108160K, reserved 1142784K
  class space    used 11585K, capacity 14118K, committed 14208K, reserved 1048576K
Event: 6913.507 GC heap after
Heap after GC invocations=129 (full 44):
 PSYoungGen      total 112640K, used 6189K [0x00000000f5580000, 0x00000000ff500000, 0x0000000100000000)
  eden space 105984K, 0% used [0x00000000f5580000,0x00000000f5580000,0x00000000fbd00000)
  from space 6656K, 92% used [0x00000000fc080000,0x00000000fc68b798,0x00000000fc700000)
  to   space 28672K, 0% used [0x00000000fd900000,0x00000000fd900000,0x00000000ff500000)
 ParOldGen       total 125440K, used 72453K [0x00000000e0000000, 0x00000000e7a80000, 0x00000000f5580000)
  object space 125440K, 57% used [0x00000000e0000000,0x00000000e46c1690,0x00000000e7a80000)
 Metaspace       used 99735K, capacity 107770K, committed 108160K, reserved 1142784K
  class space    used 11585K, capacity 14118K, committed 14208K, reserved 1048576K
}
Event: 8792.536 GC heap before
{Heap before GC invocations=130 (full 44):
 PSYoungGen      total 112640K, used 112173K [0x00000000f5580000, 0x00000000ff500000, 0x0000000100000000)
  eden space 105984K, 100% used [0x00000000f5580000,0x00000000fbd00000,0x00000000fbd00000)
  from space 6656K, 92% used [0x00000000fc080000,0x00000000fc68b798,0x00000000fc700000)
  to   space 28672K, 0% used [0x00000000fd900000,0x00000000fd900000,0x00000000ff500000)
 ParOldGen       total 125440K, used 72453K [0x00000000e0000000, 0x00000000e7a80000, 0x00000000f5580000)
  object space 125440K, 57% used [0x00000000e0000000,0x00000000e46c1690,0x00000000e7a80000)
 Metaspace       used 99812K, capacity 107770K, committed 108160K, reserved 1142784K
  class space    used 11589K, capacity 14118K, committed 14208K, reserved 1048576K
Event: 8792.543 GC heap after
Heap after GC invocations=130 (full 44):
 PSYoungGen      total 127488K, used 4285K [0x00000000f5580000, 0x00000000ff100000, 0x0000000100000000)
  eden space 102912K, 0% used [0x00000000f5580000,0x00000000f5580000,0x00000000fba00000)
  from space 24576K, 17% used [0x00000000fd900000,0x00000000fdd2f768,0x00000000ff100000)
  to   space 28160K, 0% used [0x00000000fba00000,0x00000000fba00000,0x00000000fd580000)
 ParOldGen       total 125440K, used 72461K [0x00000000e0000000, 0x00000000e7a80000, 0x00000000f5580000)
  object space 125440K, 57% used [0x00000000e0000000,0x00000000e46c3690,0x00000000e7a80000)
 Metaspace       used 99812K, capacity 107770K, committed 108160K, reserved 1142784K
  class space    used 11589K, capacity 14118K, committed 14208K, reserved 1048576K
}

